E:\MIS DOCUMENTOS\GITHUB\NUEVA CARPETA\FREEGLUT PROJECT 3D\FREEGLUT PROJECT 3D\DEBUG\MAIN.OBJ
E:\MIS DOCUMENTOS\GITHUB\NUEVA CARPETA\FREEGLUT PROJECT 3D\FREEGLUT PROJECT 3D\DEBUG\VC110.PDB
E:\MIS DOCUMENTOS\GITHUB\NUEVA CARPETA\FREEGLUT PROJECT 3D\FREEGLUT PROJECT 3D\DEBUG\PV3D.OBJ
E:\MIS DOCUMENTOS\GITHUB\NUEVA CARPETA\FREEGLUT PROJECT 3D\FREEGLUT PROJECT 3D\DEBUG\CAMARA.OBJ
E:\MIS DOCUMENTOS\GITHUB\NUEVA CARPETA\FREEGLUT PROJECT 3D\DEBUG\IG_PRACTICA4.ILK
E:\MIS DOCUMENTOS\GITHUB\NUEVA CARPETA\FREEGLUT PROJECT 3D\DEBUG\IG_PRACTICA4.EXE
E:\MIS DOCUMENTOS\GITHUB\NUEVA CARPETA\FREEGLUT PROJECT 3D\DEBUG\IG_PRACTICA4.PDB
E:\Mis Documentos\GitHub\Nueva carpeta\freeglut project 3D\freeglut project 3D\Debug\Camara.obj
E:\Mis Documentos\GitHub\Nueva carpeta\freeglut project 3D\freeglut project 3D\Debug\main.obj
E:\Mis Documentos\GitHub\Nueva carpeta\freeglut project 3D\freeglut project 3D\Debug\PV3D.obj
E:\Mis Documentos\GitHub\Nueva carpeta\freeglut project 3D\freeglut project 3D\Debug\cl.command.1.tlog
E:\Mis Documentos\GitHub\Nueva carpeta\freeglut project 3D\freeglut project 3D\Debug\CL.read.1.tlog
E:\Mis Documentos\GitHub\Nueva carpeta\freeglut project 3D\freeglut project 3D\Debug\CL.write.1.tlog
E:\Mis Documentos\GitHub\Nueva carpeta\freeglut project 3D\freeglut project 3D\Debug\link-cvtres.read.1.tlog
E:\Mis Documentos\GitHub\Nueva carpeta\freeglut project 3D\freeglut project 3D\Debug\link-cvtres.write.1.tlog
E:\Mis Documentos\GitHub\Nueva carpeta\freeglut project 3D\freeglut project 3D\Debug\link-rc.read.1.tlog
E:\Mis Documentos\GitHub\Nueva carpeta\freeglut project 3D\freeglut project 3D\Debug\link-rc.write.1.tlog
E:\Mis Documentos\GitHub\Nueva carpeta\freeglut project 3D\freeglut project 3D\Debug\link.1568-cvtres.read.1.tlog
E:\Mis Documentos\GitHub\Nueva carpeta\freeglut project 3D\freeglut project 3D\Debug\link.1568-cvtres.write.1.tlog
E:\Mis Documentos\GitHub\Nueva carpeta\freeglut project 3D\freeglut project 3D\Debug\link.1568-rc.read.1.tlog
E:\Mis Documentos\GitHub\Nueva carpeta\freeglut project 3D\freeglut project 3D\Debug\link.1568-rc.write.1.tlog
E:\Mis Documentos\GitHub\Nueva carpeta\freeglut project 3D\freeglut project 3D\Debug\link.1568.read.1.tlog
E:\Mis Documentos\GitHub\Nueva carpeta\freeglut project 3D\freeglut project 3D\Debug\link.1568.write.1.tlog
E:\Mis Documentos\GitHub\Nueva carpeta\freeglut project 3D\freeglut project 3D\Debug\link.6168-cvtres.read.1.tlog
E:\Mis Documentos\GitHub\Nueva carpeta\freeglut project 3D\freeglut project 3D\Debug\link.6168-cvtres.write.1.tlog
E:\Mis Documentos\GitHub\Nueva carpeta\freeglut project 3D\freeglut project 3D\Debug\link.6168-rc.read.1.tlog
E:\Mis Documentos\GitHub\Nueva carpeta\freeglut project 3D\freeglut project 3D\Debug\link.6168-rc.write.1.tlog
E:\Mis Documentos\GitHub\Nueva carpeta\freeglut project 3D\freeglut project 3D\Debug\link.6168.read.1.tlog
E:\Mis Documentos\GitHub\Nueva carpeta\freeglut project 3D\freeglut project 3D\Debug\link.6168.write.1.tlog
E:\Mis Documentos\GitHub\Nueva carpeta\freeglut project 3D\freeglut project 3D\Debug\link.864-cvtres.read.1.tlog
E:\Mis Documentos\GitHub\Nueva carpeta\freeglut project 3D\freeglut project 3D\Debug\link.864-cvtres.write.1.tlog
E:\Mis Documentos\GitHub\Nueva carpeta\freeglut project 3D\freeglut project 3D\Debug\link.864-rc.read.1.tlog
E:\Mis Documentos\GitHub\Nueva carpeta\freeglut project 3D\freeglut project 3D\Debug\link.864-rc.write.1.tlog
E:\Mis Documentos\GitHub\Nueva carpeta\freeglut project 3D\freeglut project 3D\Debug\link.864.read.1.tlog
E:\Mis Documentos\GitHub\Nueva carpeta\freeglut project 3D\freeglut project 3D\Debug\link.864.write.1.tlog
E:\Mis Documentos\GitHub\Nueva carpeta\freeglut project 3D\freeglut project 3D\Debug\link.command.1.tlog
E:\Mis Documentos\GitHub\Nueva carpeta\freeglut project 3D\freeglut project 3D\Debug\link.read.1.tlog
E:\Mis Documentos\GitHub\Nueva carpeta\freeglut project 3D\freeglut project 3D\Debug\link.write.1.tlog
E:\Mis Documentos\GitHub\Nueva carpeta\freeglut project 3D\freeglut project 3D\Debug\vc110.idb
E:\Mis Documentos\GitHub\Nueva carpeta\freeglut project 3D\freeglut project 3D\Debug\vc110.pdb
E:\Mis Documentos\GitHub\Nueva carpeta\freeglut project 3D\Debug\IG_Practica4.pdb
E:\Mis Documentos\GitHub\Nueva carpeta\freeglut project 3D\Debug\IG_Practica4.exe
E:\Mis Documentos\GitHub\Nueva carpeta\freeglut project 3D\Debug\IG_Practica4.ilk
